00:04:02:326 out_online 31
00:04:03:316 publish 31010
00:04:03:326 out_connect 31008
00:04:04:316 publish 31011
00:04:04:326 out_connect 31012
00:04:05:316 publish 31015
00:04:05:326 out_connect 31021
00:04:06:316 publish 31094
00:04:06:326 out_connect 31325
00:04:07:326 out_connect 31545
00:04:08:326 out_connect 31900
00:06:08:326 out_connect 31008
00:06:09:326 out_connect 31012
00:06:10:326 out_connect 31021
00:06:11:326 out_connect 31325
00:06:12:326 out_connect 31545
00:06:13:326 out_connect 31900
00:08:13:326 out_connect 31008
00:08:14:326 out_connect 31012
00:08:15:326 out_connect 31021
00:08:16:326 out_connect 31325
00:08:17:326 out_connect 31545
00:08:18:326 out_connect 31900
00:10:18:326 out_connect 31008
00:10:19:326 out_connect 31012
00:10:20:326 out_connect 31021
00:10:21:326 out_connect 31325
00:10:22:326 out_connect 31545
00:10:23:326 out_connect 31900
00:12:23:326 out_connect 31008
00:12:24:326 out_connect 31012
00:12:25:326 out_connect 31021
00:12:26:326 out_connect 31325
00:12:27:326 out_connect 31545
00:12:28:326 out_connect 31900
00:14:28:326 out_connect 31008
00:14:29:326 out_connect 31012
00:14:30:326 out_connect 31021
00:14:31:326 out_connect 31325
00:14:32:326 out_connect 31545
00:14:33:326 out_connect 31900
00:16:33:326 out_connect 31008
00:16:34:326 out_connect 31012
00:16:35:326 out_connect 31021
00:16:36:326 out_connect 31325
00:16:37:326 out_connect 31545
00:16:38:326 out_connect 31900
00:18:38:326 out_connect 31008
00:18:39:326 out_connect 31012
00:18:40:326 out_connect 31021
00:18:41:326 out_connect 31325
00:18:42:326 out_connect 31545
00:18:43:326 out_connect 31900
00:20:43:326 out_connect 31008
00:20:44:326 out_connect 31012
00:20:45:326 out_connect 31021
00:20:46:326 out_connect 31325
00:20:47:326 out_connect 31545
00:20:48:326 out_connect 31900
00:22:48:326 out_connect 31008
00:22:49:326 out_connect 31012
00:22:50:326 out_connect 31021
00:22:51:326 out_connect 31325
00:22:52:326 out_connect 31545
00:22:53:326 out_connect 31900
00:24:53:326 out_connect 31008
00:24:54:326 out_connect 31012
00:24:55:326 out_connect 31021
00:24:56:326 out_connect 31325
00:24:57:326 out_connect 31545
00:24:58:326 out_connect 31900
00:26:58:326 out_connect 31008
00:26:59:326 out_connect 31012
00:27:00:326 out_connect 31021
00:27:01:326 out_connect 31325
00:27:02:326 out_connect 31545
00:27:03:326 out_connect 31900
00:29:03:326 out_connect 31008
00:29:04:326 out_connect 31012
00:29:05:326 out_connect 31021
00:29:06:326 out_connect 31325
00:29:07:326 out_connect 31545
00:29:08:326 out_connect 31900
00:31:08:326 out_connect 31008
00:31:09:326 out_connect 31012
00:31:10:326 out_connect 31021
00:31:11:326 out_connect 31325
00:31:12:326 out_connect 31545
00:31:13:326 out_connect 31900
00:33:13:326 out_connect 31008
00:33:14:326 out_connect 31012
00:33:15:326 out_connect 31021
00:33:16:326 out_connect 31325
00:33:17:326 out_connect 31545
00:33:18:326 out_connect 31900
00:35:18:326 out_connect 31008
00:35:19:326 out_connect 31012
00:35:20:326 out_connect 31021
00:35:21:326 out_connect 31325
00:35:22:326 out_connect 31545
00:35:23:326 out_connect 31900
00:37:23:326 out_connect 31008
00:37:24:326 out_connect 31012
00:37:25:326 out_connect 31021
00:37:26:326 out_connect 31325
00:37:27:326 out_connect 31545
00:37:28:326 out_connect 31900
00:39:28:326 out_connect 31008
00:39:29:326 out_connect 31012
00:39:30:326 out_connect 31021
00:39:31:326 out_connect 31325
00:39:32:326 out_connect 31545
00:39:33:326 out_connect 31900
00:41:33:326 out_connect 31008
00:41:34:326 out_connect 31012
00:41:35:326 out_connect 31021
00:41:36:326 out_connect 31325
00:41:37:326 out_connect 31545
00:41:38:326 out_connect 31900
00:43:38:326 out_connect 31008
00:43:39:326 out_connect 31012
00:43:40:326 out_connect 31021
00:43:41:326 out_connect 31325
00:43:42:326 out_connect 31545
00:43:43:326 out_connect 31900
00:45:43:326 out_connect 31008
00:45:44:326 out_connect 31012
00:45:45:326 out_connect 31021
00:45:46:326 out_connect 31325
00:45:47:326 out_connect 31545
00:45:48:326 out_connect 31900
00:47:48:326 out_connect 31008
00:47:49:326 out_connect 31012
00:47:50:326 out_connect 31021
00:47:51:326 out_connect 31325
00:47:52:326 out_connect 31545
00:47:53:326 out_connect 31900
00:49:53:326 out_connect 31008
00:49:54:326 out_connect 31012
00:49:55:326 out_connect 31021
00:49:56:326 out_connect 31325
00:49:57:326 out_connect 31545
00:49:58:326 out_connect 31900
00:51:58:326 out_connect 31008
00:51:59:326 out_connect 31012
00:52:00:326 out_connect 31021
00:52:01:326 out_connect 31325
00:52:02:326 out_connect 31545
00:52:03:326 out_connect 31900
00:54:03:326 out_connect 31008
00:54:04:326 out_connect 31012
00:54:05:326 out_connect 31021
00:54:06:326 out_connect 31325
00:54:07:326 out_connect 31545
00:54:08:326 out_connect 31900
00:56:08:326 out_connect 31008
00:56:09:326 out_connect 31012
00:56:10:326 out_connect 31021
00:56:11:326 out_connect 31325
00:56:12:326 out_connect 31545
00:56:13:326 out_connect 31900
00:58:13:326 out_connect 31008
00:58:14:326 out_connect 31012
00:58:15:326 out_connect 31021
00:58:16:326 out_connect 31325
00:58:17:326 out_connect 31545
00:58:18:326 out_connect 31900
01:00:18:326 out_connect 31008
01:00:19:326 out_connect 31012
01:00:20:326 out_connect 31021
01:00:21:326 out_connect 31325
01:00:22:326 out_connect 31545
01:00:23:326 out_connect 31900
01:02:23:326 out_connect 31012
01:02:24:326 out_connect 31325
01:02:25:326 out_connect 31545
01:02:26:326 out_connect 31900
01:04:26:326 out_connect 31012
01:04:27:326 out_connect 31325
01:04:28:326 out_connect 31545
01:04:29:326 out_connect 31900
01:05:02:449 query 31002
01:06:08:763 query 31005
01:06:12:097 query 31006
01:06:12:252 query 31008
01:06:29:326 out_connect 31012
01:06:30:326 out_connect 31545
01:06:57:864 query 31993
01:08:30:326 out_connect 31008
01:08:31:326 out_connect 31012
01:08:32:326 out_connect 31545
01:10:32:326 out_connect 31008
01:10:33:326 out_connect 31012
01:10:34:326 out_connect 31545
01:12:34:326 out_connect 31008
01:12:35:326 out_connect 31012
01:12:36:326 out_connect 31545
01:12:57:964 out_disconnect 31021
01:12:57:974 out_disconnect 31325
01:12:57:984 out_disconnect 31900
01:12:57:994 out_offline 31
01:17:31:432 out_online 31
01:17:32:432 out_connect 31008
01:17:33:432 out_connect 31012
01:17:34:432 out_connect 31021
01:17:35:432 out_connect 31325
01:17:36:432 out_connect 31545
01:17:37:432 out_connect 31900
01:19:37:432 out_connect 31008
01:19:38:432 out_connect 31012
01:19:39:432 out_connect 31021
01:19:40:432 out_connect 31325
01:19:41:432 out_connect 31545
01:19:42:432 out_connect 31900
01:21:42:432 out_connect 31008
01:21:43:432 out_connect 31012
01:21:44:432 out_connect 31021
01:21:45:432 out_connect 31325
01:21:46:432 out_connect 31545
01:21:47:432 out_connect 31900
01:23:47:432 out_connect 31008
01:23:48:432 out_connect 31012
01:23:49:432 out_connect 31021
01:23:50:432 out_connect 31325
01:23:51:432 out_connect 31545
01:23:52:432 out_connect 31900
01:25:52:432 out_connect 31008
01:25:53:432 out_connect 31012
01:25:54:432 out_connect 31021
01:25:55:432 out_connect 31325
01:25:56:432 out_connect 31545
01:25:57:432 out_connect 31900
01:27:57:432 out_connect 31008
01:27:58:432 out_connect 31012
01:27:59:432 out_connect 31021
01:28:00:432 out_connect 31325
01:28:01:432 out_connect 31545
01:28:02:432 out_connect 31900
01:30:02:432 out_connect 31008
01:30:03:432 out_connect 31012
01:30:04:432 out_connect 31021
01:30:05:432 out_connect 31325
01:30:06:432 out_connect 31545
01:30:07:432 out_connect 31900
01:32:07:432 out_connect 31008
01:32:08:432 out_connect 31012
01:32:09:432 out_connect 31021
01:32:10:432 out_connect 31325
01:32:11:432 out_connect 31545
01:32:12:432 out_connect 31900
01:34:12:432 out_connect 31008
01:34:13:432 out_connect 31012
01:34:14:432 out_connect 31021
01:34:15:432 out_connect 31325
01:34:16:432 out_connect 31545
01:34:17:432 out_connect 31900
01:36:17:432 out_connect 31008
01:36:18:432 out_connect 31012
01:36:19:432 out_connect 31021
01:36:20:432 out_connect 31325
01:36:21:432 out_connect 31545
01:36:22:432 out_connect 31900
01:38:22:432 out_connect 31008
01:38:23:432 out_connect 31012
01:38:24:432 out_connect 31021
01:38:25:432 out_connect 31325
01:38:26:432 out_connect 31545
01:38:27:432 out_connect 31900
01:40:27:432 out_connect 31008
01:40:28:432 out_connect 31012
01:40:29:432 out_connect 31021
01:40:30:432 out_connect 31325
01:40:31:432 out_connect 31545
01:40:32:432 out_connect 31900
01:42:32:432 out_connect 31008
01:42:33:432 out_connect 31012
01:42:34:432 out_connect 31021
01:42:35:432 out_connect 31325
01:42:36:432 out_connect 31545
01:42:37:432 out_connect 31900
01:44:37:432 out_connect 31008
01:44:38:432 out_connect 31012
01:44:39:432 out_connect 31021
01:44:40:432 out_connect 31325
01:44:41:432 out_connect 31545
01:44:42:432 out_connect 31900
01:46:42:432 out_connect 31008
01:46:43:432 out_connect 31012
01:46:44:432 out_connect 31021
01:46:45:432 out_connect 31325
01:46:46:432 out_connect 31545
01:46:47:432 out_connect 31900
01:48:47:432 out_connect 31008
01:48:48:432 out_connect 31012
01:48:49:432 out_connect 31021
01:48:50:432 out_connect 31325
01:48:51:432 out_connect 31545
01:48:52:432 out_connect 31900
01:50:52:432 out_connect 31008
01:50:53:432 out_connect 31012
01:50:54:432 out_connect 31021
01:50:55:432 out_connect 31325
01:50:56:432 out_connect 31545
01:50:57:432 out_connect 31900
01:52:57:432 out_connect 31008
01:52:58:432 out_connect 31012
01:52:59:432 out_connect 31021
01:53:00:432 out_connect 31325
01:53:01:432 out_connect 31545
01:53:02:432 out_connect 31900
01:55:02:432 out_connect 31008
01:55:03:432 out_connect 31012
01:55:04:432 out_connect 31021
01:55:05:432 out_connect 31325
01:55:06:432 out_connect 31545
01:55:07:432 out_connect 31900
01:57:07:432 out_connect 31008
01:57:08:432 out_connect 31012
01:57:09:432 out_connect 31021
01:57:10:432 out_connect 31325
01:57:11:432 out_connect 31545
01:57:12:432 out_connect 31900
01:57:16:883 query 31002
01:59:12:432 out_connect 31008
01:59:13:432 out_connect 31012
01:59:14:432 out_connect 31021
01:59:15:432 out_connect 31325
01:59:16:432 out_connect 31545
01:59:17:432 out_connect 31900
02:01:17:432 out_connect 31008
02:01:18:432 out_connect 31012
02:01:19:432 out_connect 31021
02:01:20:432 out_connect 31325
02:01:21:432 out_connect 31545
02:01:22:432 out_connect 31900
02:03:22:432 out_connect 31008
02:03:23:432 out_connect 31012
02:03:24:432 out_connect 31021
02:03:25:432 out_connect 31325
02:03:26:432 out_connect 31545
02:03:27:432 out_connect 31900
02:04:27:973 query 31005
02:04:48:200 query 31006
02:04:49:307 query 31008
02:04:49:326 query 31993
02:05:27:432 out_connect 31008
02:05:28:432 out_connect 31012
02:05:29:432 out_connect 31021
02:05:30:432 out_connect 31325
02:05:31:432 out_connect 31545
02:05:32:432 out_connect 31900
02:07:32:432 out_connect 31008
02:07:33:432 out_connect 31012
02:07:34:432 out_connect 31021
02:07:35:432 out_connect 31325
02:07:36:432 out_connect 31545
02:07:37:432 out_connect 31900
02:09:37:432 out_connect 31008
02:09:38:432 out_connect 31012
02:09:39:432 out_connect 31021
02:09:40:432 out_connect 31325
02:09:41:432 out_connect 31545
02:09:42:432 out_connect 31900
02:11:42:432 out_connect 31008
02:11:43:432 out_connect 31012
02:11:44:432 out_connect 31021
02:11:45:432 out_connect 31325
02:11:46:432 out_connect 31545
02:11:47:432 out_connect 31900
02:13:47:432 out_connect 31008
02:13:48:432 out_connect 31012
02:13:49:432 out_connect 31021
02:13:50:432 out_connect 31325
02:13:51:432 out_connect 31545
02:13:52:432 out_connect 31900
02:15:52:432 out_connect 31008
02:15:53:432 out_connect 31012
02:15:54:432 out_connect 31021
02:15:55:432 out_connect 31325
02:15:56:432 out_connect 31545
02:15:57:432 out_connect 31900
02:17:57:432 out_connect 31008
02:17:58:432 out_connect 31012
02:17:59:432 out_connect 31021
02:18:00:432 out_connect 31325
02:18:01:432 out_connect 31545
02:18:02:432 out_connect 31900
02:20:02:432 out_connect 31008
02:20:03:432 out_connect 31012
02:20:04:432 out_connect 31021
02:20:05:432 out_connect 31325
02:20:06:432 out_connect 31545
02:20:07:432 out_connect 31900
02:22:07:432 out_connect 31008
02:22:08:432 out_connect 31012
02:22:09:432 out_connect 31021
02:22:10:432 out_connect 31325
02:22:11:432 out_connect 31545
02:22:12:432 out_connect 31900
02:24:12:432 out_connect 31008
02:24:13:432 out_connect 31012
02:24:14:432 out_connect 31021
02:24:15:432 out_connect 31325
02:24:16:432 out_connect 31545
02:24:17:432 out_connect 31900
02:26:17:432 out_connect 31008
02:26:18:432 out_connect 31012
02:26:19:432 out_connect 31021
02:26:20:432 out_connect 31325
02:26:21:432 out_connect 31545
02:26:22:432 out_connect 31900
02:26:23:551 out_offline 31
02:29:05:990 out_online 31
02:29:06:103 query 31002
02:29:06:990 out_connect 31008
02:29:07:990 out_connect 31012
02:29:08:990 out_connect 31021
02:29:09:990 out_connect 31325
02:29:10:990 out_connect 31545
02:29:11:990 out_connect 31900
02:29:12:264 query 31005
02:30:22:861 query 31006
02:30:54:269 query 31008
02:31:11:990 out_connect 31008
02:31:12:990 out_connect 31012
02:31:13:990 out_connect 31021
02:31:14:990 out_connect 31325
02:31:15:990 out_connect 31545
02:31:16:990 out_connect 31900
02:33:16:990 out_connect 31008
02:33:17:990 out_connect 31012
02:33:18:990 out_connect 31021
02:33:19:990 out_connect 31325
02:33:20:990 out_connect 31545
02:33:21:990 out_connect 31900
02:35:21:990 out_connect 31008
02:35:22:990 out_connect 31012
02:35:23:990 out_connect 31021
02:35:24:990 out_connect 31325
02:35:25:990 out_connect 31545
02:35:26:990 out_connect 31900
02:37:26:990 out_connect 31008
02:37:27:990 out_connect 31012
02:37:28:990 out_connect 31021
02:37:29:990 out_connect 31325
02:37:30:990 out_connect 31545
02:37:31:990 out_connect 31900
02:39:31:990 out_connect 31008
02:39:32:990 out_connect 31012
02:39:33:990 out_connect 31021
02:39:34:990 out_connect 31325
02:39:35:990 out_connect 31545
02:39:36:990 out_connect 31900
02:41:36:990 out_connect 31008
02:41:37:990 out_connect 31012
02:41:38:990 out_connect 31021
02:41:39:990 out_connect 31325
02:41:40:990 out_connect 31545
02:41:41:990 out_connect 31900
02:43:41:990 out_connect 31008
02:43:42:990 out_connect 31012
02:43:43:990 out_connect 31021
02:43:44:990 out_connect 31325
02:43:45:990 out_connect 31545
02:43:46:990 out_connect 31900
02:45:11:677 query 31993
02:45:46:990 out_connect 31008
02:45:47:990 out_connect 31012
02:45:48:990 out_connect 31021
02:45:49:990 out_connect 31325
02:45:50:990 out_connect 31545
02:45:51:990 out_connect 31900
02:47:51:990 out_connect 31008
02:47:52:990 out_connect 31012
02:47:53:990 out_connect 31021
02:47:54:990 out_connect 31325
02:47:55:990 out_connect 31545
02:47:56:990 out_connect 31900
02:49:56:990 out_connect 31008
02:49:57:990 out_connect 31012
02:49:58:990 out_connect 31021
02:49:59:990 out_connect 31325
02:50:00:990 out_connect 31545
02:50:01:990 out_connect 31900
02:52:01:990 out_connect 31008
02:52:02:990 out_connect 31012
02:52:03:990 out_connect 31021
02:52:04:990 out_connect 31325
02:52:05:990 out_connect 31545
02:52:06:990 out_connect 31900
02:54:06:990 out_connect 31008
02:54:07:990 out_connect 31012
02:54:08:990 out_connect 31021
02:54:09:990 out_connect 31325
02:54:10:990 out_connect 31545
02:54:11:990 out_connect 31900
02:56:11:990 out_connect 31008
02:56:12:990 out_connect 31012
02:56:13:990 out_connect 31021
02:56:14:990 out_connect 31325
02:56:15:990 out_connect 31545
02:56:16:990 out_connect 31900
02:56:51:357 out_offline 31
03:00:16:276 out_online 31
03:00:17:276 out_connect 31008
03:00:18:276 out_connect 31012
03:00:19:276 out_connect 31021
03:00:20:276 out_connect 31325
03:00:21:276 out_connect 31545
03:00:22:276 out_connect 31900
03:02:22:276 out_connect 31008
03:02:23:276 out_connect 31012
03:02:24:276 out_connect 31021
03:02:25:276 out_connect 31325
03:02:26:276 out_connect 31545
03:02:27:276 out_connect 31900
03:04:27:276 out_connect 31008
03:04:28:276 out_connect 31012
03:04:29:276 out_connect 31021
03:04:30:276 out_connect 31325
03:04:31:276 out_connect 31545
03:04:32:276 out_connect 31900
03:05:34:539 out_offline 31
03:15:21:499 out_online 31
03:15:22:083 query 31002
03:15:22:499 out_connect 31008
03:15:23:499 out_connect 31012
03:15:23:591 query 31005
03:15:24:499 out_connect 31021
03:15:25:499 out_connect 31325
03:15:26:499 out_connect 31545
03:15:27:499 out_connect 31900
03:15:34:309 query 31006
03:16:29:966 query 31008
03:17:27:499 out_connect 31008
03:17:28:499 out_connect 31012
03:17:29:499 out_connect 31021
03:17:30:499 out_connect 31325
03:17:31:499 out_connect 31545
03:17:32:499 out_connect 31900
03:19:32:499 out_connect 31008
03:19:33:499 out_connect 31012
03:19:34:499 out_connect 31021
03:19:35:499 out_connect 31325
03:19:36:499 out_connect 31545
03:19:37:499 out_connect 31900
03:21:37:499 out_connect 31008
03:21:38:499 out_connect 31012
03:21:39:499 out_connect 31021
03:21:40:499 out_connect 31325
03:21:41:499 out_connect 31545
03:21:42:499 out_connect 31900
03:23:42:499 out_connect 31008
03:23:43:499 out_connect 31012
03:23:44:499 out_connect 31021
03:23:45:499 out_connect 31325
03:23:46:499 out_connect 31545
03:23:47:499 out_connect 31900
03:25:47:499 out_connect 31008
03:25:48:499 out_connect 31012
03:25:49:499 out_connect 31021
03:25:50:499 out_connect 31325
03:25:51:499 out_connect 31545
03:25:52:499 out_connect 31900
03:27:52:499 out_connect 31008
03:27:53:499 out_connect 31012
03:27:54:499 out_connect 31021
03:27:55:499 out_connect 31325
03:27:56:499 out_connect 31545
03:27:57:499 out_connect 31900
03:29:57:499 out_connect 31008
03:29:58:499 out_connect 31012
03:29:59:499 out_connect 31021
03:30:00:499 out_connect 31325
03:30:01:499 out_connect 31545
03:30:02:499 out_connect 31900
03:32:02:499 out_connect 31008
03:32:03:499 out_connect 31012
03:32:04:499 out_connect 31021
03:32:05:499 out_connect 31325
03:32:06:499 out_connect 31545
03:32:07:499 out_connect 31900
03:34:07:499 out_connect 31008
03:34:08:499 out_connect 31012
03:34:09:499 out_connect 31021
03:34:10:499 out_connect 31325
03:34:11:499 out_connect 31545
03:34:12:499 out_connect 31900
03:36:12:499 out_connect 31008
03:36:13:499 out_connect 31012
03:36:14:499 out_connect 31021
03:36:15:499 out_connect 31325
03:36:16:499 out_connect 31545
03:36:17:499 out_connect 31900
03:38:17:499 out_connect 31008
03:38:18:499 out_connect 31012
03:38:19:499 out_connect 31021
03:38:20:499 out_connect 31325
03:38:21:499 out_connect 31545
03:38:22:499 out_connect 31900
03:40:22:499 out_connect 31008
03:40:23:499 out_connect 31012
03:40:24:499 out_connect 31021
03:40:25:499 out_connect 31325
03:40:26:499 out_connect 31545
03:40:27:499 out_connect 31900
03:42:27:499 out_connect 31008
03:42:28:499 out_connect 31012
03:42:29:499 out_connect 31021
03:42:30:499 out_connect 31325
03:42:31:499 out_connect 31545
03:42:32:499 out_connect 31900
03:44:32:499 out_connect 31008
03:44:33:499 out_connect 31012
03:44:34:499 out_connect 31021
03:44:35:499 out_connect 31325
03:44:36:499 out_connect 31545
03:44:37:499 out_connect 31900
03:46:37:499 out_connect 31008
03:46:38:499 out_connect 31012
03:46:39:499 out_connect 31021
03:46:40:499 out_connect 31325
03:46:41:499 out_connect 31545
03:46:42:499 out_connect 31900
03:48:42:499 out_connect 31008
03:48:43:499 out_connect 31012
03:48:44:499 out_connect 31021
03:48:45:499 out_connect 31325
03:48:46:499 out_connect 31545
03:48:47:499 out_connect 31900
03:50:47:499 out_connect 31008
03:50:48:499 out_connect 31012
03:50:49:499 out_connect 31021
03:50:50:499 out_connect 31325
03:50:51:499 out_connect 31545
03:50:52:499 out_connect 31900
03:52:52:499 out_connect 31008
03:52:53:499 out_connect 31012
03:52:54:499 out_connect 31021
03:52:55:499 out_connect 31325
03:52:56:499 out_connect 31545
03:52:57:499 out_connect 31900
03:54:57:499 out_connect 31008
03:54:58:499 out_connect 31012
03:54:59:499 out_connect 31021
03:55:00:499 out_connect 31325
03:55:01:499 out_connect 31545
03:55:02:499 out_connect 31900
03:57:02:499 out_connect 31008
03:57:03:499 out_connect 31012
03:57:04:499 out_connect 31021
03:57:05:499 out_connect 31325
03:57:06:499 out_connect 31545
03:57:07:499 out_connect 31900
03:59:07:499 out_connect 31008
03:59:08:499 out_connect 31012
03:59:09:499 out_connect 31021
03:59:10:499 out_connect 31325
03:59:11:499 out_connect 31545
03:59:12:499 out_connect 31900
04:01:12:499 out_connect 31008
04:01:13:499 out_connect 31012
04:01:14:499 out_connect 31021
04:01:15:499 out_connect 31325
04:01:16:499 out_connect 31545
04:01:17:499 out_connect 31900
04:03:17:499 out_connect 31008
04:03:18:499 out_connect 31012
04:03:19:499 out_connect 31021
04:03:20:499 out_connect 31325
04:03:21:499 out_connect 31545
04:03:22:499 out_connect 31900
04:05:22:499 out_connect 31008
04:05:23:499 out_connect 31012
04:05:24:499 out_connect 31021
04:05:25:499 out_connect 31325
04:05:26:499 out_connect 31545
04:05:27:499 out_connect 31900
04:07:27:499 out_connect 31008
04:07:28:499 out_connect 31012
04:07:29:499 out_connect 31021
04:07:30:499 out_connect 31325
04:07:31:499 out_connect 31545
04:07:32:499 out_connect 31900
04:09:32:499 out_connect 31008
04:09:33:499 out_connect 31012
04:09:34:499 out_connect 31021
04:09:35:499 out_connect 31325
04:09:36:499 out_connect 31545
04:09:37:499 out_connect 31900
04:11:37:499 out_connect 31008
04:11:38:499 out_connect 31012
04:11:39:499 out_connect 31021
04:11:40:499 out_connect 31325
04:11:41:499 out_connect 31545
04:11:42:499 out_connect 31900
04:13:42:499 out_connect 31008
04:13:43:499 out_connect 31012
04:13:44:499 out_connect 31021
04:13:45:499 out_connect 31325
04:13:46:499 out_connect 31545
04:13:47:499 out_connect 31900
04:15:47:499 out_connect 31008
04:15:48:499 out_connect 31012
04:15:49:499 out_connect 31021
04:15:50:499 out_connect 31325
04:15:51:499 out_connect 31545
04:15:52:499 out_connect 31900
04:17:52:499 out_connect 31008
04:17:53:499 out_connect 31012
04:17:54:499 out_connect 31021
04:17:55:499 out_connect 31325
04:17:56:499 out_connect 31545
04:17:57:499 out_connect 31900
04:19:26:409 query 31993
04:19:57:499 out_connect 31008
04:19:58:499 out_connect 31012
04:19:59:499 out_connect 31021
04:20:00:499 out_connect 31325
04:20:01:499 out_connect 31545
04:20:02:499 out_connect 31900
04:22:02:499 out_connect 31008
04:22:03:499 out_connect 31012
04:22:04:499 out_connect 31021
04:22:05:499 out_connect 31325
04:22:06:499 out_connect 31545
04:22:07:499 out_connect 31900
04:24:07:499 out_connect 31008
04:24:08:499 out_connect 31012
04:24:09:499 out_connect 31021
04:24:10:499 out_connect 31325
04:24:11:499 out_connect 31545
04:24:12:499 out_connect 31900
04:26:12:499 out_connect 31008
04:26:13:499 out_connect 31012
04:26:14:499 out_connect 31021
04:26:15:499 out_connect 31325
04:26:16:499 out_connect 31545
04:26:17:499 out_connect 31900
04:28:17:499 out_connect 31008
04:28:18:499 out_connect 31012
04:28:19:499 out_connect 31021
04:28:20:499 out_connect 31325
04:28:21:499 out_connect 31545
04:28:22:499 out_connect 31900
04:30:22:499 out_connect 31008
04:30:23:499 out_connect 31012
04:30:24:499 out_connect 31021
04:30:25:499 out_connect 31325
04:30:26:499 out_connect 31545
04:30:27:499 out_connect 31900
04:32:27:499 out_connect 31008
04:32:28:499 out_connect 31012
04:32:29:499 out_connect 31021
04:32:30:499 out_connect 31325
04:32:31:499 out_connect 31545
04:32:32:499 out_connect 31900
04:34:32:499 out_connect 31008
04:34:33:499 out_connect 31012
04:34:34:499 out_connect 31021
04:34:35:499 out_connect 31325
04:34:36:499 out_connect 31545
04:34:37:499 out_connect 31900
04:36:37:499 out_connect 31008
04:36:38:499 out_connect 31012
04:36:39:499 out_connect 31021
04:36:40:499 out_connect 31325
04:36:41:499 out_connect 31545
04:36:42:499 out_connect 31900
04:38:42:499 out_connect 31008
04:38:43:499 out_connect 31012
04:38:44:499 out_connect 31021
04:38:45:499 out_connect 31325
04:38:46:499 out_connect 31545
04:38:47:499 out_connect 31900
04:40:47:499 out_connect 31008
04:40:48:499 out_connect 31012
04:40:49:499 out_connect 31021
04:40:50:499 out_connect 31325
04:40:51:499 out_connect 31545
04:40:52:499 out_connect 31900
04:42:52:499 out_connect 31008
04:42:53:499 out_connect 31012
04:42:54:499 out_connect 31021
04:42:55:499 out_connect 31325
04:42:56:499 out_connect 31545
04:42:57:499 out_connect 31900
04:44:57:499 out_connect 31008
04:44:58:499 out_connect 31012
04:44:59:499 out_connect 31021
04:45:00:499 out_connect 31325
04:45:01:499 out_connect 31545
04:45:02:499 out_connect 31900
04:47:02:499 out_connect 31008
04:47:03:499 out_connect 31012
04:47:04:499 out_connect 31021
04:47:05:499 out_connect 31325
04:47:06:499 out_connect 31545
04:47:07:499 out_connect 31900
04:49:07:499 out_connect 31008
04:49:08:499 out_connect 31012
04:49:09:499 out_connect 31021
04:49:10:499 out_connect 31325
04:49:11:499 out_connect 31545
04:49:12:499 out_connect 31900
04:51:12:499 out_connect 31008
04:51:13:499 out_connect 31012
04:51:14:499 out_connect 31021
04:51:15:499 out_connect 31325
04:51:16:499 out_connect 31545
04:51:17:499 out_connect 31900
04:53:17:499 out_connect 31008
04:53:18:499 out_connect 31012
04:53:19:499 out_connect 31021
04:53:20:499 out_connect 31325
04:53:21:499 out_connect 31545
04:53:22:499 out_connect 31900
04:55:22:499 out_connect 31008
04:55:23:499 out_connect 31012
04:55:24:499 out_connect 31021
04:55:25:499 out_connect 31325
04:55:26:499 out_connect 31545
04:55:27:499 out_connect 31900
04:57:27:499 out_connect 31008
04:57:28:499 out_connect 31012
04:57:29:499 out_connect 31021
04:57:30:499 out_connect 31325
04:57:31:499 out_connect 31545
04:57:32:499 out_connect 31900
04:59:32:499 out_connect 31008
04:59:33:499 out_connect 31012
04:59:34:499 out_connect 31021
04:59:35:499 out_connect 31325
04:59:36:499 out_connect 31545
04:59:37:499 out_connect 31900
05:01:37:499 out_connect 31008
05:01:38:499 out_connect 31012
05:01:39:499 out_connect 31021
05:01:40:499 out_connect 31325
05:01:41:499 out_connect 31545
05:01:42:499 out_connect 31900
05:03:42:499 out_connect 31008
05:03:43:499 out_connect 31012
05:03:44:499 out_connect 31021
05:03:45:499 out_connect 31325
05:03:46:499 out_connect 31545
05:03:47:499 out_connect 31900
05:05:47:499 out_connect 31008
05:05:48:499 out_connect 31012
05:05:49:499 out_connect 31021
05:05:50:499 out_connect 31325
05:05:51:499 out_connect 31545
05:05:52:499 out_connect 31900
05:07:52:499 out_connect 31008
05:07:53:499 out_connect 31012
05:07:54:499 out_connect 31021
05:07:55:499 out_connect 31325
05:07:56:499 out_connect 31545
05:07:57:499 out_connect 31900
05:09:57:499 out_connect 31008
05:09:58:499 out_connect 31012
05:09:59:499 out_connect 31021
05:10:00:499 out_connect 31325
05:10:01:499 out_connect 31545
05:10:02:499 out_connect 31900
05:12:02:499 out_connect 31008
05:12:03:499 out_connect 31012
05:12:04:499 out_connect 31021
05:12:05:499 out_connect 31325
05:12:06:499 out_connect 31545
05:12:07:499 out_connect 31900
05:14:07:499 out_connect 31008
05:14:08:499 out_connect 31012
05:14:09:499 out_connect 31021
05:14:10:499 out_connect 31325
05:14:11:499 out_connect 31545
05:14:12:499 out_connect 31900
05:16:12:499 out_connect 31008
05:16:13:499 out_connect 31012
05:16:14:499 out_connect 31021
05:16:15:499 out_connect 31325
05:16:16:499 out_connect 31545
05:16:17:499 out_connect 31900
05:18:17:499 out_connect 31008
05:18:18:499 out_connect 31012
05:18:19:499 out_connect 31021
05:18:20:499 out_connect 31325
05:18:21:499 out_connect 31545
05:18:22:499 out_connect 31900
05:20:22:499 out_connect 31008
05:20:23:499 out_connect 31012
05:20:24:499 out_connect 31021
05:20:25:499 out_connect 31325
05:20:26:499 out_connect 31545
05:20:27:499 out_connect 31900
05:22:27:499 out_connect 31008
05:22:28:499 out_connect 31012
05:22:29:499 out_connect 31021
05:22:30:499 out_connect 31325
05:22:31:499 out_connect 31545
05:22:32:499 out_connect 31900
05:24:32:499 out_connect 31008
05:24:33:499 out_connect 31012
05:24:34:499 out_connect 31021
05:24:35:499 out_connect 31325
05:24:36:499 out_connect 31545
05:24:37:499 out_connect 31900
05:26:37:499 out_connect 31008
05:26:38:499 out_connect 31012
05:26:39:499 out_connect 31021
05:26:40:499 out_connect 31325
05:26:41:499 out_connect 31545
05:26:42:499 out_connect 31900
05:28:42:499 out_connect 31008
05:28:43:499 out_connect 31012
05:28:44:499 out_connect 31021
05:28:45:499 out_connect 31325
05:28:46:499 out_connect 31545
05:28:47:499 out_connect 31900
05:30:47:499 out_connect 31008
05:30:48:499 out_connect 31012
05:30:49:499 out_connect 31021
05:30:50:499 out_connect 31325
05:30:51:499 out_connect 31545
05:30:52:499 out_connect 31900
05:32:52:499 out_connect 31008
05:32:53:499 out_connect 31012
05:32:54:499 out_connect 31021
05:32:55:499 out_connect 31325
05:32:56:499 out_connect 31545
05:32:57:499 out_connect 31900
05:34:57:499 out_connect 31008
05:34:58:499 out_connect 31012
05:34:59:499 out_connect 31021
05:35:00:499 out_connect 31325
05:35:01:499 out_connect 31545
05:35:02:499 out_connect 31900
05:35:40:258 out_offline 31
05:46:02:798 out_online 31
05:46:03:798 out_connect 31008
05:46:04:798 out_connect 31012
05:46:05:798 out_connect 31021
05:46:06:798 out_connect 31325
05:46:07:798 out_connect 31545
05:46:08:798 out_connect 31900
05:48:08:798 out_connect 31008
05:48:09:798 out_connect 31012
05:48:10:798 out_connect 31021
05:48:11:798 out_connect 31325
05:48:12:798 out_connect 31545
05:48:13:798 out_connect 31900
05:49:05:911 out_offline 31
05:56:35:960 out_online 31
05:56:36:960 out_connect 31008
05:56:37:960 out_connect 31012
05:56:38:960 out_connect 31021
05:56:39:960 out_connect 31325
05:56:40:960 out_connect 31545
05:56:41:960 out_connect 31900
05:58:41:960 out_connect 31008
05:58:42:960 out_connect 31012
05:58:43:960 out_connect 31021
05:58:44:960 out_connect 31325
05:58:45:960 out_connect 31545
05:58:46:960 out_connect 31900
06:00:46:960 out_connect 31008
06:00:47:960 out_connect 31012
06:00:48:960 out_connect 31021
06:00:49:960 out_connect 31325
06:00:50:960 out_connect 31545
06:00:51:960 out_connect 31900
06:02:51:960 out_connect 31008
06:02:52:960 out_connect 31012
06:02:53:960 out_connect 31021
06:02:54:960 out_connect 31325
06:02:55:960 out_connect 31545
06:02:56:960 out_connect 31900
06:04:56:960 out_connect 31008
06:04:57:960 out_connect 31012
06:04:58:960 out_connect 31021
06:04:59:960 out_connect 31325
06:05:00:960 out_connect 31545
06:05:01:960 out_connect 31900
06:07:01:960 out_connect 31008
06:07:02:960 out_connect 31012
06:07:03:960 out_connect 31021
06:07:04:960 out_connect 31325
06:07:05:960 out_connect 31545
06:07:06:960 out_connect 31900
06:09:06:960 out_connect 31008
06:09:07:960 out_connect 31012
06:09:08:960 out_connect 31021
06:09:09:960 out_connect 31325
06:09:10:960 out_connect 31545
06:09:11:960 out_connect 31900
06:11:11:960 out_connect 31008
06:11:12:960 out_connect 31012
06:11:13:960 out_connect 31021
06:11:14:960 out_connect 31325
06:11:15:960 out_connect 31545
06:11:16:960 out_connect 31900
06:12:22:535 query 31002
06:12:28:572 query 31005
06:13:16:960 out_connect 31008
06:13:17:960 out_connect 31012
06:13:18:960 out_connect 31021
06:13:19:960 out_connect 31325
06:13:20:960 out_connect 31545
06:13:21:960 out_connect 31900
06:15:16:841 query 31006
06:15:19:301 query 31008
06:15:21:960 out_connect 31008
06:15:22:960 out_connect 31012
06:15:23:960 out_connect 31021
06:15:24:960 out_connect 31325
06:15:25:960 out_connect 31545
06:15:26:960 out_connect 31900
06:17:26:960 out_connect 31008
06:17:27:960 out_connect 31012
06:17:28:960 out_connect 31021
06:17:29:960 out_connect 31325
06:17:30:960 out_connect 31545
06:17:31:960 out_connect 31900
06:19:31:960 out_connect 31008
06:19:32:960 out_connect 31012
06:19:33:960 out_connect 31021
06:19:34:960 out_connect 31325
06:19:35:960 out_connect 31545
06:19:36:960 out_connect 31900
06:21:36:960 out_connect 31008
06:21:37:960 out_connect 31012
06:21:38:960 out_connect 31021
06:21:39:960 out_connect 31325
06:21:40:960 out_connect 31545
06:21:41:960 out_connect 31900
06:23:18:211 query 31993
06:23:18:321 out_offline 31
06:25:43:084 out_online 31
06:25:43:098 query 31002
06:25:44:084 out_connect 31008
06:25:45:084 out_connect 31012
06:25:46:084 out_connect 31021
06:25:47:084 out_connect 31325
06:25:48:084 out_connect 31545
06:25:49:084 out_connect 31900
06:26:24:214 query 31005
06:27:49:084 out_connect 31008
06:27:50:084 out_connect 31012
06:27:51:084 out_connect 31021
06:27:52:084 out_connect 31325
06:27:53:084 out_connect 31545
06:27:54:084 out_connect 31900
06:29:54:084 out_connect 31008
06:29:55:084 out_connect 31012
06:29:56:084 out_connect 31021
06:29:57:084 out_connect 31325
06:29:58:084 out_connect 31545
06:29:59:084 out_connect 31900
06:31:53:954 query 31006
06:31:54:497 query 31008
06:31:54:513 query 31993
06:31:59:084 out_connect 31008
06:32:00:084 out_connect 31012
06:32:01:084 out_connect 31021
06:32:02:084 out_connect 31325
06:32:03:084 out_connect 31545
06:32:04:084 out_connect 31900
06:32:05:231 out_offline 31
06:34:29:171 out_online 31
06:34:29:195 query 31002
06:34:30:171 out_connect 31008
06:34:31:171 out_connect 31012
06:34:32:171 out_connect 31021
06:34:33:171 out_connect 31325
06:34:34:171 out_connect 31545
06:34:35:171 out_connect 31900
06:34:55:544 query 31005
06:36:35:171 out_connect 31008
06:36:36:171 out_connect 31012
06:36:37:171 out_connect 31021
06:36:38:171 out_connect 31325
06:36:39:171 out_connect 31545
06:36:40:171 out_connect 31900
06:38:40:171 out_connect 31008
06:38:41:171 out_connect 31012
06:38:42:171 out_connect 31021
06:38:43:171 out_connect 31325
06:38:44:171 out_connect 31545
06:38:45:171 out_connect 31900
06:39:29:322 query 31006
06:40:45:171 out_connect 31008
06:40:46:171 out_connect 31012
06:40:47:171 out_connect 31021
06:40:48:171 out_connect 31325
06:40:49:171 out_connect 31545
06:40:50:171 out_connect 31900
06:42:50:171 out_connect 31008
06:42:51:171 out_connect 31012
06:42:52:171 out_connect 31021
06:42:53:171 out_connect 31325
06:42:54:171 out_connect 31545
06:42:55:171 out_connect 31900
06:44:55:171 out_connect 31008
06:44:56:171 out_connect 31012
06:44:57:171 out_connect 31021
06:44:58:171 out_connect 31325
06:44:59:171 out_connect 31545
06:45:00:171 out_connect 31900
06:47:00:171 out_connect 31008
06:47:01:171 out_connect 31012
06:47:02:171 out_connect 31021
06:47:03:171 out_connect 31325
06:47:04:171 out_connect 31545
06:47:05:171 out_connect 31900
06:49:05:171 out_connect 31008
06:49:06:171 out_connect 31012
06:49:07:171 out_connect 31021
06:49:08:171 out_connect 31325
06:49:09:171 out_connect 31545
06:49:10:171 out_connect 31900
06:51:10:171 out_connect 31008
06:51:11:171 out_connect 31012
06:51:12:171 out_connect 31021
06:51:13:171 out_connect 31325
06:51:14:171 out_connect 31545
06:51:15:171 out_connect 31900
06:53:15:171 out_connect 31008
06:53:16:171 out_connect 31012
06:53:17:171 out_connect 31021
06:53:18:171 out_connect 31325
06:53:19:171 out_connect 31545
06:53:20:171 out_connect 31900
06:55:20:171 out_connect 31008
06:55:21:171 out_connect 31012
06:55:22:171 out_connect 31021
06:55:23:171 out_connect 31325
06:55:24:171 out_connect 31545
06:55:25:171 out_connect 31900
06:57:25:171 out_connect 31008
06:57:26:171 out_connect 31012
06:57:27:171 out_connect 31021
06:57:28:171 out_connect 31325
06:57:29:171 out_connect 31545
06:57:30:171 out_connect 31900
06:59:30:171 out_connect 31008
06:59:31:171 out_connect 31012
06:59:32:171 out_connect 31021
06:59:33:171 out_connect 31325
06:59:34:171 out_connect 31545
06:59:35:171 out_connect 31900
07:01:35:171 out_connect 31008
07:01:36:171 out_connect 31012
07:01:37:171 out_connect 31021
07:01:38:171 out_connect 31325
07:01:39:171 out_connect 31545
07:01:40:171 out_connect 31900
07:03:40:171 out_connect 31008
07:03:41:171 out_connect 31012
07:03:42:171 out_connect 31021
07:03:43:171 out_connect 31325
07:03:44:171 out_connect 31545
07:03:45:171 out_connect 31900
07:05:45:171 out_connect 31008
07:05:46:171 out_connect 31012
07:05:47:171 out_connect 31021
07:05:48:171 out_connect 31325
07:05:49:171 out_connect 31545
07:05:50:171 out_connect 31900
07:07:50:171 out_connect 31008
07:07:51:171 out_connect 31012
07:07:52:171 out_connect 31021
07:07:53:171 out_connect 31325
07:07:54:171 out_connect 31545
07:07:55:171 out_connect 31900
07:09:55:171 out_connect 31008
07:09:56:171 out_connect 31012
07:09:57:171 out_connect 31021
07:09:58:171 out_connect 31325
07:09:59:171 out_connect 31545
07:10:00:171 out_connect 31900
07:12:00:171 out_connect 31008
07:12:01:171 out_connect 31012
07:12:02:171 out_connect 31021
07:12:03:171 out_connect 31325
07:12:04:171 out_connect 31545
07:12:05:171 out_connect 31900
07:14:05:171 out_connect 31008
07:14:06:171 out_connect 31012
07:14:07:171 out_connect 31021
07:14:08:171 out_connect 31325
07:14:09:171 out_connect 31545
07:14:10:171 out_connect 31900
07:16:10:171 out_connect 31008
07:16:11:171 out_connect 31012
07:16:12:171 out_connect 31021
07:16:13:171 out_connect 31325
07:16:14:171 out_connect 31545
07:16:15:171 out_connect 31900
07:18:15:171 out_connect 31008
07:18:16:171 out_connect 31012
07:18:17:171 out_connect 31021
07:18:18:171 out_connect 31325
07:18:19:171 out_connect 31545
07:18:20:171 out_connect 31900
07:20:20:171 out_connect 31008
07:20:21:171 out_connect 31012
07:20:22:171 out_connect 31021
07:20:23:171 out_connect 31325
07:20:24:171 out_connect 31545
07:20:25:171 out_connect 31900
07:22:25:171 out_connect 31008
07:22:26:171 out_connect 31012
07:22:27:171 out_connect 31021
07:22:28:171 out_connect 31325
07:22:29:171 out_connect 31545
07:22:30:171 out_connect 31900
07:24:30:171 out_connect 31008
07:24:31:171 out_connect 31012
07:24:32:171 out_connect 31021
07:24:33:171 out_connect 31325
07:24:34:171 out_connect 31545
07:24:35:171 out_connect 31900
07:26:35:171 out_connect 31008
07:26:36:171 out_connect 31012
07:26:37:171 out_connect 31021
07:26:38:171 out_connect 31325
07:26:39:171 out_connect 31545
07:26:40:171 out_connect 31900
07:28:40:171 out_connect 31008
07:28:41:171 out_connect 31012
07:28:42:171 out_connect 31021
07:28:43:171 out_connect 31325
07:28:44:171 out_connect 31545
07:28:45:171 out_connect 31900
07:30:45:171 out_connect 31008
07:30:46:171 out_connect 31012
07:30:47:171 out_connect 31021
07:30:48:171 out_connect 31325
07:30:49:171 out_connect 31545
07:30:50:171 out_connect 31900
07:32:50:171 out_connect 31008
07:32:51:171 out_connect 31012
07:32:52:171 out_connect 31021
07:32:53:171 out_connect 31325
07:32:54:171 out_connect 31545
07:32:55:171 out_connect 31900
07:34:55:171 out_connect 31008
07:34:56:171 out_connect 31012
07:34:57:171 out_connect 31021
07:34:58:171 out_connect 31325
07:34:59:171 out_connect 31545
07:35:00:171 out_connect 31900
07:37:00:171 out_connect 31008
07:37:01:171 out_connect 31012
07:37:02:171 out_connect 31021
07:37:03:171 out_connect 31325
07:37:04:171 out_connect 31545
07:37:05:171 out_connect 31900
07:39:05:171 out_connect 31008
07:39:06:171 out_connect 31012
07:39:07:171 out_connect 31021
07:39:08:171 out_connect 31325
07:39:09:171 out_connect 31545
07:39:10:171 out_connect 31900
07:41:10:171 out_connect 31008
07:41:11:171 out_connect 31012
07:41:12:171 out_connect 31021
07:41:13:171 out_connect 31325
07:41:14:171 out_connect 31545
07:41:15:171 out_connect 31900
07:43:15:171 out_connect 31008
07:43:16:171 out_connect 31012
07:43:17:171 out_connect 31021
07:43:18:171 out_connect 31325
07:43:19:171 out_connect 31545
07:43:20:171 out_connect 31900
07:45:20:171 out_connect 31008
07:45:21:171 out_connect 31012
07:45:22:171 out_connect 31021
07:45:23:171 out_connect 31325
07:45:24:171 out_connect 31545
07:45:25:171 out_connect 31900
07:47:25:171 out_connect 31008
07:47:26:171 out_connect 31012
07:47:27:171 out_connect 31021
07:47:28:171 out_connect 31325
07:47:29:171 out_connect 31545
07:47:30:171 out_connect 31900
07:49:30:171 out_connect 31008
07:49:31:171 out_connect 31012
07:49:32:171 out_connect 31021
07:49:33:171 out_connect 31325
07:49:34:171 out_connect 31545
07:49:35:171 out_connect 31900
07:51:35:171 out_connect 31008
07:51:36:171 out_connect 31012
07:51:37:171 out_connect 31021
07:51:38:171 out_connect 31325
07:51:39:171 out_connect 31545
07:51:40:171 out_connect 31900
07:53:40:171 out_connect 31008
07:53:41:171 out_connect 31012
07:53:42:171 out_connect 31021
07:53:43:171 out_connect 31325
07:53:44:171 out_connect 31545
07:53:45:171 out_connect 31900
07:55:45:171 out_connect 31008
07:55:46:171 out_connect 31012
07:55:47:171 out_connect 31021
07:55:48:171 out_connect 31325
07:55:49:171 out_connect 31545
07:55:50:171 out_connect 31900
07:57:50:171 out_connect 31008
07:57:51:171 out_connect 31012
07:57:52:171 out_connect 31021
07:57:53:171 out_connect 31325
07:57:54:171 out_connect 31545
07:57:55:171 out_connect 31900
07:59:55:171 out_connect 31008
07:59:56:171 out_connect 31012
07:59:57:171 out_connect 31021
07:59:58:171 out_connect 31325
07:59:59:171 out_connect 31545
08:00:00:171 out_connect 31900
08:02:00:171 out_connect 31008
08:02:01:171 out_connect 31012
08:02:02:171 out_connect 31021
08:02:03:171 out_connect 31325
08:02:04:171 out_connect 31545
08:02:05:171 out_connect 31900
08:04:05:171 out_connect 31008
08:04:06:171 out_connect 31012
08:04:07:171 out_connect 31021
08:04:08:171 out_connect 31325
08:04:09:171 out_connect 31545
08:04:10:171 out_connect 31900
08:06:10:171 out_connect 31008
08:06:11:171 out_connect 31012
08:06:12:171 out_connect 31021
08:06:13:171 out_connect 31325
08:06:14:171 out_connect 31545
08:06:15:171 out_connect 31900
08:08:15:171 out_connect 31008
08:08:16:171 out_connect 31012
08:08:17:171 out_connect 31021
08:08:18:171 out_connect 31325
08:08:19:171 out_connect 31545
08:08:20:171 out_connect 31900
08:10:20:171 out_connect 31008
08:10:21:171 out_connect 31012
08:10:22:171 out_connect 31021
08:10:23:171 out_connect 31325
08:10:24:171 out_connect 31545
08:10:25:171 out_connect 31900
08:12:25:171 out_connect 31008
08:12:26:171 out_connect 31012
08:12:27:171 out_connect 31021
08:12:28:171 out_connect 31325
08:12:29:171 out_connect 31545
08:12:30:171 out_connect 31900
08:14:30:171 out_connect 31008
08:14:31:171 out_connect 31012
08:14:32:171 out_connect 31021
08:14:33:171 out_connect 31325
08:14:34:171 out_connect 31545
08:14:35:171 out_connect 31900
08:16:35:171 out_connect 31008
08:16:36:171 out_connect 31012
08:16:37:171 out_connect 31021
08:16:38:171 out_connect 31325
08:16:39:171 out_connect 31545
08:16:40:171 out_connect 31900
08:18:40:171 out_connect 31008
08:18:41:171 out_connect 31012
08:18:42:171 out_connect 31021
08:18:43:171 out_connect 31325
08:18:44:171 out_connect 31545
08:18:45:171 out_connect 31900
